0 info it worked if it ends with ok
1 verbose cli [ 'node', '/usr/local/bin/npm', 'install', '--global', 'surge' ]
2 info using npm@2.5.1
3 info using node@v0.10.25
4 verbose node symlink /usr/bin/node
5 silly cache add args [ 'surge', null ]
6 verbose cache add spec surge
7 silly cache add parsed spec { raw: 'surge',
7 silly cache add   scope: null,
7 silly cache add   name: 'surge',
7 silly cache add   rawSpec: '',
7 silly cache add   spec: '*',
7 silly cache add   type: 'range' }
8 verbose addNamed surge@*
9 silly addNamed semver.valid null
10 silly addNamed semver.validRange *
11 silly addNameRange { name: 'surge', range: '*', hasData: false }
12 silly mapToRegistry name surge
13 silly mapToRegistry using default registry
14 silly mapToRegistry registry https://registry.npmjs.org/
15 silly mapToRegistry uri https://registry.npmjs.org/surge
16 verbose addNameRange registry:https://registry.npmjs.org/surge not in flight; fetching
17 verbose request uri https://registry.npmjs.org/surge
18 verbose request no auth needed
19 info attempt registry request try #1 at 12:50:44
20 verbose request id 1771cb49dc72e260
21 verbose etag "4H7KZ75RICRBXHTBUWVZOO1WP"
22 http request GET https://registry.npmjs.org/surge
23 http 304 https://registry.npmjs.org/surge
24 silly get cb [ 304,
24 silly get   { date: 'Tue, 09 Feb 2016 17:50:44 GMT',
24 silly get     via: '1.1 varnish',
24 silly get     'cache-control': 'max-age=300',
24 silly get     etag: '"4H7KZ75RICRBXHTBUWVZOO1WP"',
24 silly get     age: '0',
24 silly get     connection: 'keep-alive',
24 silly get     'x-served-by': 'cache-jfk1032-JFK',
24 silly get     'x-cache': 'MISS',
24 silly get     'x-cache-hits': '0',
24 silly get     'x-timer': 'S1455040244.347084,VS0,VE20',
24 silly get     vary: 'Accept' } ]
25 verbose etag https://registry.npmjs.org/surge from cache
26 verbose get saving surge to /home/cabox/.npm/registry.npmjs.org/surge/.cache.json
27 silly addNameRange number 2 { name: 'surge', range: '*', hasData: true }
28 silly addNameRange versions [ 'surge',
28 silly addNameRange   [ '0.0.0',
28 silly addNameRange     '0.1.0',
28 silly addNameRange     '0.2.0',
28 silly addNameRange     '0.3.0',
28 silly addNameRange     '0.3.1',
28 silly addNameRange     '0.3.2',
28 silly addNameRange     '0.3.3',
28 silly addNameRange     '0.4.0',
28 silly addNameRange     '0.4.1',
28 silly addNameRange     '0.5.0',
28 silly addNameRange     '0.5.1',
28 silly addNameRange     '0.5.2',
28 silly addNameRange     '0.6.0',
28 silly addNameRange     '0.7.0',
28 silly addNameRange     '0.7.1',
28 silly addNameRange     '0.7.2',
28 silly addNameRange     '0.7.3',
28 silly addNameRange     '0.7.4',
28 silly addNameRange     '0.8.0',
28 silly addNameRange     '0.8.1',
28 silly addNameRange     '0.9.0',
28 silly addNameRange     '0.10.0',
28 silly addNameRange     '0.10.1',
28 silly addNameRange     '0.10.2',
28 silly addNameRange     '0.11.0',
28 silly addNameRange     '0.11.1',
28 silly addNameRange     '0.12.0',
28 silly addNameRange     '0.13.0',
28 silly addNameRange     '0.14.0',
28 silly addNameRange     '0.14.1',
28 silly addNameRange     '0.14.2',
28 silly addNameRange     '0.14.3',
28 silly addNameRange     '0.14.4',
28 silly addNameRange     '0.15.0',
28 silly addNameRange     '0.16.0',
28 silly addNameRange     '0.17.0',
28 silly addNameRange     '0.17.1',
28 silly addNameRange     '0.17.2',
28 silly addNameRange     '0.17.3',
28 silly addNameRange     '0.17.4',
28 silly addNameRange     '0.17.5',
28 silly addNameRange     '0.17.6',
28 silly addNameRange     '0.17.7' ] ]
29 verbose addNamed surge@0.17.7
30 silly addNamed semver.valid 0.17.7
31 silly addNamed semver.validRange 0.17.7
32 silly cache afterAdd surge@0.17.7
33 verbose afterAdd /home/cabox/.npm/surge/0.17.7/package/package.json not in flight; writing
34 verbose afterAdd /home/cabox/.npm/surge/0.17.7/package/package.json written
35 silly install resolved [ { name: 'surge',
35 silly install resolved     version: '0.17.7',
35 silly install resolved     description: 'CDN for front-end developers',
35 silly install resolved     author: { name: 'Brock Whitten', email: 'brock@chloi.io' },
35 silly install resolved     bin: { surge: './lib/cli.js' },
35 silly install resolved     dependencies:
35 silly install resolved      { du: '0.1.0',
35 silly install resolved        'fstream-ignore': '1.0.2',
35 silly install resolved        'is-domain': '0.0.1',
35 silly install resolved        moniker: '0.1.2',
35 silly install resolved        netrc: '0.1.4',
35 silly install resolved        prompt: '~0.2.14',
35 silly install resolved        progress: '1.1.8',
35 silly install resolved        request: '2.40.0',
35 silly install resolved        split: '0.3.1',
35 silly install resolved        'surge-ignore': '0.2.0',
35 silly install resolved        tar: '1.0.0',
35 silly install resolved        'tar.gz': '0.1.1',
35 silly install resolved        'url-parse-as-address': '1.0.0',
35 silly install resolved        read: '1.0.5',
35 silly install resolved        minimist: '1.1.1' },
35 silly install resolved     devDependencies:
35 silly install resolved      { commander: '2.9.0',
35 silly install resolved        mocha: '*',
35 silly install resolved        nixt: '0.4.1',
35 silly install resolved        should: '7.1.0',
35 silly install resolved        yargs: '3.30.0' },
35 silly install resolved     license: 'ISC',
35 silly install resolved     main: './lib/surge.js',
35 silly install resolved     ignore: [ 'test' ],
35 silly install resolved     scripts:
35 silly install resolved      { test: 'mocha -t 5000',
35 silly install resolved        'test:local': 'ENDPOINT=\'localhost:5001\' ./node_modules/.bin/mocha' },
35 silly install resolved     repository: { type: 'git', url: 'git+https://github.com/sintaxi/surge.git' },
35 silly install resolved     gitHead: 'a4711aaf2fadf699c572546711e3dd254b273886',
35 silly install resolved     bugs: { url: 'https://github.com/sintaxi/surge/issues' },
35 silly install resolved     homepage: 'https://github.com/sintaxi/surge#readme',
35 silly install resolved     _id: 'surge@0.17.7',
35 silly install resolved     _shasum: 'd9ec476451530ff88ffd6ad4e970041181aa032f',
35 silly install resolved     _from: 'surge@*',
35 silly install resolved     _npmVersion: '3.5.2',
35 silly install resolved     _nodeVersion: '4.2.3',
35 silly install resolved     _npmUser: { name: 'sintaxi', email: 'brock@sintaxi.com' },
35 silly install resolved     maintainers: [ [Object], [Object] ],
35 silly install resolved     dist:
35 silly install resolved      { shasum: 'd9ec476451530ff88ffd6ad4e970041181aa032f',
35 silly install resolved        tarball: 'http://registry.npmjs.org/surge/-/surge-0.17.7.tgz' },
35 silly install resolved     directories: {},
35 silly install resolved     _resolved: 'https://registry.npmjs.org/surge/-/surge-0.17.7.tgz',
35 silly install resolved     readme: 'ERROR: No README data found!' } ]
36 info install surge@0.17.7 into /usr/lib
37 info installOne surge@0.17.7
38 verbose installOne of surge to /usr/lib not in flight; installing
39 verbose lock using /home/cabox/.npm/_locks/surge-b3b12683b750b880.lock for /usr/lib/node_modules/surge
40 silly install write writing surge 0.17.7 to /usr/lib/node_modules/surge
41 silly cache addNamed cb surge@0.17.7
42 verbose unbuild lib/node_modules/surge
43 verbose gentlyRm vacuuming /usr/lib/node_modules/surge
44 verbose tar unpack /home/cabox/.npm/surge/0.17.7/package.tgz
45 verbose tar unpacking to /usr/lib/node_modules/surge
46 verbose gentlyRm vacuuming /usr/lib/node_modules/surge
47 silly gunzTarPerm modes [ '755', '644' ]
48 error tar.unpack untar error /home/cabox/.npm/surge/0.17.7/package.tgz
49 verbose unlock done using /home/cabox/.npm/_locks/surge-b3b12683b750b880.lock for /usr/lib/node_modules/surge
50 verbose fstream_path /usr/lib/node_modules/surge
51 verbose fstream_type Directory
52 verbose fstream_class DirWriter
53 verbose stack Error: EACCES, mkdir '/usr/lib/node_modules'
54 verbose fstream_stack /usr/local/lib/node_modules/npm/node_modules/fstream/lib/writer.js:171:23
54 verbose fstream_stack /usr/local/lib/node_modules/npm/node_modules/mkdirp/index.js:46:53
54 verbose fstream_stack Object.oncomplete (fs.js:107:15)
55 verbose cwd /home/cabox/workspace
56 error Linux 2.6.32-042stab112.15
57 error argv "node" "/usr/local/bin/npm" "install" "--global" "surge"
58 error node v0.10.25
59 error npm  v2.5.1
60 error path /usr/lib/node_modules
61 error code EACCES
62 error errno 3
63 error Error: EACCES, mkdir '/usr/lib/node_modules'
63 error  { [Error: EACCES, mkdir '/usr/lib/node_modules']
63 error   errno: 3,
63 error   code: 'EACCES',
63 error   path: '/usr/lib/node_modules',
63 error   fstream_type: 'Directory',
63 error   fstream_path: '/usr/lib/node_modules/surge',
63 error   fstream_class: 'DirWriter',
63 error   fstream_stack:
63 error    [ '/usr/local/lib/node_modules/npm/node_modules/fstream/lib/writer.js:171:23',
63 error      '/usr/local/lib/node_modules/npm/node_modules/mkdirp/index.js:46:53',
63 error      'Object.oncomplete (fs.js:107:15)' ] }
64 error Please try running this command again as root/Administrator.
65 verbose exit [ 3, true ]
66 verbose unbuild lib/node_modules/surge
67 verbose gentlyRm vacuuming /usr/lib/node_modules/surge
